
  .   ____          _            __ _ _
 /\\ / ___'_ __ _ _(_)_ __  __ _ \ \ \ \
( ( )\___ | '_ | '_| | '_ \/ _` | \ \ \ \
 \\/  ___)| |_)| | | | | || (_| |  ) ) ) )
  '  |____| .__|_| |_|_| |_\__, | / / / /
 =========|_|==============|___/=/_/_/_/

 :: Spring Boot ::                (v4.1.0)

2026-07-05T11:13:06.939-03:00  INFO 11048 --- [app-pedidos] [           main] com.aprigio.pedidos.PedidosApplication   : Starting PedidosApplication v0.0.1-SNAPSHOT using Java 26.0.1 with PID 11048 (C:\www\pedidos\target\pedidos-0.0.1-SNAPSHOT.jar started by User in C:\www\pedidos)
2026-07-05T11:13:06.946-03:00  INFO 11048 --- [app-pedidos] [           main] com.aprigio.pedidos.PedidosApplication   : No active profile set, falling back to 1 default profile: "default"
2026-07-05T11:13:10.808-03:00  INFO 11048 --- [app-pedidos] [           main] .s.d.r.c.RepositoryConfigurationDelegate : Bootstrapping Spring Data JPA repositories in DEFAULT mode.
2026-07-05T11:13:11.040-03:00  INFO 11048 --- [app-pedidos] [           main] .s.d.r.c.RepositoryConfigurationDelegate : Finished Spring Data repository scanning in 156 ms. Found 2 JPA repository interfaces.
2026-07-05T11:13:12.730-03:00  INFO 11048 --- [app-pedidos] [           main] o.s.boot.tomcat.TomcatWebServer          : Tomcat initialized with port 8080 (http)
2026-07-05T11:13:12.781-03:00  INFO 11048 --- [app-pedidos] [           main] o.apache.catalina.core.StandardService   : Starting service [Tomcat]
2026-07-05T11:13:12.781-03:00  INFO 11048 --- [app-pedidos] [           main] o.apache.catalina.core.StandardEngine    : Starting Servlet engine: [Apache Tomcat/11.0.22]
2026-07-05T11:13:12.907-03:00  INFO 11048 --- [app-pedidos] [           main] b.w.c.s.WebApplicationContextInitializer : Root WebApplicationContext: initialization completed in 5722 ms
2026-07-05T11:13:13.983-03:00  INFO 11048 --- [app-pedidos] [           main] org.hibernate.orm.jpa                    : HHH008540: Processing PersistenceUnitInfo [name: default]
2026-07-05T11:13:14.138-03:00  INFO 11048 --- [app-pedidos] [           main] org.hibernate.orm.core                   : HHH000001: Hibernate ORM core version 7.4.1.Final
2026-07-05T11:13:15.530-03:00  INFO 11048 --- [app-pedidos] [           main] o.s.o.j.p.SpringPersistenceUnitInfo      : No LoadTimeWeaver setup: ignoring JPA class transformer
2026-07-05T11:13:15.621-03:00  INFO 11048 --- [app-pedidos] [           main] com.zaxxer.hikari.HikariDataSource       : HikariPool-1 - Starting...
2026-07-05T11:13:16.120-03:00  INFO 11048 --- [app-pedidos] [           main] com.zaxxer.hikari.pool.HikariPool        : HikariPool-1 - Added connection org.postgresql.jdbc.PgConnection@70b196d3
2026-07-05T11:13:16.124-03:00  INFO 11048 --- [app-pedidos] [           main] com.zaxxer.hikari.HikariDataSource       : HikariPool-1 - Start completed.
2026-07-05T11:13:16.393-03:00  INFO 11048 --- [app-pedidos] [           main] org.hibernate.orm.connections.pooling    : HHH10001005: Database info:
	Database JDBC URL [jdbc:postgresql://localhost:5432/orders_db]
	Database driver: PostgreSQL JDBC Driver
	Database dialect: PostgreSQLDialect
	Database version: 16.14
	Default catalog/schema: orders_db/public
	Autocommit mode: undefined/unknown
	Isolation level: READ_COMMITTED [default READ_COMMITTED]
	JDBC fetch size: none
	Pool: DataSourceConnectionProvider
	Minimum pool size: undefined/unknown
	Maximum pool size: undefined/unknown
2026-07-05T11:13:22.633-03:00  INFO 11048 --- [app-pedidos] [           main] org.hibernate.orm.core                   : HHH000489: No JTA platform available (set 'hibernate.transaction.jta.platform' to enable JTA platform integration)
2026-07-05T11:13:23.333-03:00  INFO 11048 --- [app-pedidos] [           main] j.LocalContainerEntityManagerFactoryBean : Initialized JPA EntityManagerFactory for persistence unit 'default'
2026-07-05T11:13:23.615-03:00  INFO 11048 --- [app-pedidos] [           main] o.s.d.j.r.query.QueryEnhancerFactories   : Hibernate is in classpath; If applicable, HQL parser will be used.
2026-07-05T11:13:25.138-03:00  WARN 11048 --- [app-pedidos] [           main] JpaBaseConfiguration$JpaWebConfiguration : spring.jpa.open-in-view is enabled by default. Therefore, database queries may be performed during view rendering. Explicitly configure spring.jpa.open-in-view to disable this warning
2026-07-05T11:13:27.321-03:00  WARN 11048 --- [app-pedidos] [           main] ConfigServletWebServerApplicationContext : Exception encountered during context initialization - cancelling refresh attempt: org.springframework.context.ApplicationContextException: Failed to start bean 'webServerStartStop'
2026-07-05T11:13:27.323-03:00  INFO 11048 --- [app-pedidos] [           main] j.LocalContainerEntityManagerFactoryBean : Closing JPA EntityManagerFactory for persistence unit 'default'
2026-07-05T11:13:27.327-03:00  INFO 11048 --- [app-pedidos] [           main] com.zaxxer.hikari.HikariDataSource       : HikariPool-1 - Shutdown initiated...
2026-07-05T11:13:27.439-03:00  INFO 11048 --- [app-pedidos] [           main] com.zaxxer.hikari.HikariDataSource       : HikariPool-1 - Shutdown completed.
2026-07-05T11:13:27.538-03:00  INFO 11048 --- [app-pedidos] [           main] .s.b.a.l.ConditionEvaluationReportLogger : 

Error starting ApplicationContext. To display the condition evaluation report re-run your application with 'debug' enabled.
2026-07-05T11:13:27.610-03:00 ERROR 11048 --- [app-pedidos] [           main] o.s.b.d.LoggingFailureAnalysisReporter   : 

***************************
APPLICATION FAILED TO START
***************************

Description:

Web server failed to start. Port 8080 was already in use.

Action:

Identify and stop the process that's listening on port 8080 or configure this application to listen on another port.

